<?xml version="1.0" encoding="UTF-8"?>
<!-- Generated by org.testng.reporters.JUnitReportReporter -->
<testsuite hostname="DESKTOP-FKNGPDU" failures="0" tests="2" name="rahulshettyacadamy.Day1" time="0.003" errors="0" timestamp="18 Dec 2024 16:28:58 GMT">
  <testcase classname="rahulshettyacadamy.Day1" name="HomeLoan2" time="0.002"/>
  <testcase classname="rahulshettyacadamy.Day1" name="HomeLoan1" time="0.001"/>
</testsuite>
